d:\documents\visual studio 2015\projects\t3\mfcc\debug\mfcc.pch
d:\documents\visual studio 2015\projects\t3\mfcc\debug\vc140.pdb
d:\documents\visual studio 2015\projects\t3\mfcc\debug\vc140.idb
d:\documents\visual studio 2015\projects\t3\mfcc\debug\stdafx.obj
d:\documents\visual studio 2015\projects\t3\mfcc\debug\mainfrm.obj
d:\documents\visual studio 2015\projects\t3\mfcc\debug\mfcc.obj
d:\documents\visual studio 2015\projects\t3\mfcc\debug\mfccdoc.obj
d:\documents\visual studio 2015\projects\t3\mfcc\debug\mfccview.obj
d:\documents\visual studio 2015\projects\t3\debug\mfcc.ilk
d:\documents\visual studio 2015\projects\t3\debug\mfcc.exe
d:\documents\visual studio 2015\projects\t3\debug\mfcc.pdb
d:\documents\visual studio 2015\projects\t3\mfcc\debug\mfcc.res
d:\documents\visual studio 2015\projects\t3\mfcc\debug\mfcc.tlog\cl.command.1.tlog
d:\documents\visual studio 2015\projects\t3\mfcc\debug\mfcc.tlog\cl.read.1.tlog
d:\documents\visual studio 2015\projects\t3\mfcc\debug\mfcc.tlog\cl.write.1.tlog
d:\documents\visual studio 2015\projects\t3\mfcc\debug\mfcc.tlog\link.command.1.tlog
d:\documents\visual studio 2015\projects\t3\mfcc\debug\mfcc.tlog\link.read.1.tlog
d:\documents\visual studio 2015\projects\t3\mfcc\debug\mfcc.tlog\link.write.1.tlog
d:\documents\visual studio 2015\projects\t3\mfcc\debug\mfcc.tlog\rc.command.1.tlog
d:\documents\visual studio 2015\projects\t3\mfcc\debug\mfcc.tlog\rc.read.1.tlog
d:\documents\visual studio 2015\projects\t3\mfcc\debug\mfcc.tlog\rc.write.1.tlog
