d:\documents\visual studio 2015\projects\t3\t3\debug\t3.pch
d:\documents\visual studio 2015\projects\t3\t3\debug\vc140.pdb
d:\documents\visual studio 2015\projects\t3\t3\debug\vc140.idb
d:\documents\visual studio 2015\projects\t3\t3\debug\stdafx.obj
d:\documents\visual studio 2015\projects\t3\t3\debug\mainfrm.obj
d:\documents\visual studio 2015\projects\t3\t3\debug\t3.obj
d:\documents\visual studio 2015\projects\t3\t3\debug\t3doc.obj
d:\documents\visual studio 2015\projects\t3\t3\debug\t3view.obj
d:\documents\visual studio 2015\projects\t3\debug\t3.ilk
d:\documents\visual studio 2015\projects\t3\debug\t3.exe
d:\documents\visual studio 2015\projects\t3\debug\t3.pdb
d:\documents\visual studio 2015\projects\t3\t3\debug\t3.res
d:\documents\visual studio 2015\projects\t3\t3\debug\t3.tlog\cl.command.1.tlog
d:\documents\visual studio 2015\projects\t3\t3\debug\t3.tlog\cl.read.1.tlog
d:\documents\visual studio 2015\projects\t3\t3\debug\t3.tlog\cl.write.1.tlog
d:\documents\visual studio 2015\projects\t3\t3\debug\t3.tlog\link.command.1.tlog
d:\documents\visual studio 2015\projects\t3\t3\debug\t3.tlog\link.read.1.tlog
d:\documents\visual studio 2015\projects\t3\t3\debug\t3.tlog\link.write.1.tlog
d:\documents\visual studio 2015\projects\t3\t3\debug\t3.tlog\rc.command.1.tlog
d:\documents\visual studio 2015\projects\t3\t3\debug\t3.tlog\rc.read.1.tlog
d:\documents\visual studio 2015\projects\t3\t3\debug\t3.tlog\rc.write.1.tlog
