c:\users\administrator\documents\visual studio 2015\projects\zh1\zh1\debug\zh1.pch
c:\users\administrator\documents\visual studio 2015\projects\zh1\zh1\debug\vc140.pdb
c:\users\administrator\documents\visual studio 2015\projects\zh1\zh1\debug\vc140.idb
c:\users\administrator\documents\visual studio 2015\projects\zh1\zh1\debug\stdafx.obj
c:\users\administrator\documents\visual studio 2015\projects\zh1\zh1\debug\mainfrm.obj
c:\users\administrator\documents\visual studio 2015\projects\zh1\zh1\debug\zh1.obj
c:\users\administrator\documents\visual studio 2015\projects\zh1\zh1\debug\zh1doc.obj
c:\users\administrator\documents\visual studio 2015\projects\zh1\zh1\debug\zh1set.obj
c:\users\administrator\documents\visual studio 2015\projects\zh1\zh1\debug\zh1view.obj
c:\users\administrator\documents\visual studio 2015\projects\zh1\zh1\debug\dlg.obj
c:\users\administrator\documents\visual studio 2015\projects\zh1\zh1\debug\dlg0.obj
c:\users\administrator\documents\visual studio 2015\projects\zh1\debug\zh1.ilk
c:\users\administrator\documents\visual studio 2015\projects\zh1\debug\zh1.exe
c:\users\administrator\documents\visual studio 2015\projects\zh1\debug\zh1.pdb
c:\users\administrator\documents\visual studio 2015\projects\zh1\zh1\debug\zh1.res
c:\users\administrator\documents\visual studio 2015\projects\zh1\zh1\debug\zh1.tlog\cl.command.1.tlog
c:\users\administrator\documents\visual studio 2015\projects\zh1\zh1\debug\zh1.tlog\cl.read.1.tlog
c:\users\administrator\documents\visual studio 2015\projects\zh1\zh1\debug\zh1.tlog\cl.write.1.tlog
c:\users\administrator\documents\visual studio 2015\projects\zh1\zh1\debug\zh1.tlog\link.command.1.tlog
c:\users\administrator\documents\visual studio 2015\projects\zh1\zh1\debug\zh1.tlog\link.read.1.tlog
c:\users\administrator\documents\visual studio 2015\projects\zh1\zh1\debug\zh1.tlog\link.write.1.tlog
c:\users\administrator\documents\visual studio 2015\projects\zh1\zh1\debug\zh1.tlog\rc.command.1.tlog
c:\users\administrator\documents\visual studio 2015\projects\zh1\zh1\debug\zh1.tlog\rc.read.1.tlog
c:\users\administrator\documents\visual studio 2015\projects\zh1\zh1\debug\zh1.tlog\rc.write.1.tlog
