c:\users\administrator\documents\visual studio 2015\projects\t7(2)(3)\t7(2)(3)\debug\t7(2)(3).pch
c:\users\administrator\documents\visual studio 2015\projects\t7(2)(3)\t7(2)(3)\debug\vc140.pdb
c:\users\administrator\documents\visual studio 2015\projects\t7(2)(3)\t7(2)(3)\debug\vc140.idb
c:\users\administrator\documents\visual studio 2015\projects\t7(2)(3)\t7(2)(3)\debug\stdafx.obj
c:\users\administrator\documents\visual studio 2015\projects\t7(2)(3)\t7(2)(3)\debug\log3.obj
c:\users\administrator\documents\visual studio 2015\projects\t7(2)(3)\t7(2)(3)\debug\mainfrm.obj
c:\users\administrator\documents\visual studio 2015\projects\t7(2)(3)\t7(2)(3)\debug\t7(2)(3).obj
c:\users\administrator\documents\visual studio 2015\projects\t7(2)(3)\t7(2)(3)\debug\t7(2)(3)doc.obj
c:\users\administrator\documents\visual studio 2015\projects\t7(2)(3)\t7(2)(3)\debug\t7(2)(3)view.obj
c:\users\administrator\documents\visual studio 2015\projects\t7(2)(3)\debug\t7(2)(3).ilk
c:\users\administrator\documents\visual studio 2015\projects\t7(2)(3)\debug\t7(2)(3).exe
c:\users\administrator\documents\visual studio 2015\projects\t7(2)(3)\debug\t7(2)(3).pdb
c:\users\administrator\documents\visual studio 2015\projects\t7(2)(3)\t7(2)(3)\debug\t7(2)(3).res
c:\users\administrator\documents\visual studio 2015\projects\t7(2)(3)\t7(2)(3)\debug\t7(2)(3).tlog\cl.command.1.tlog
c:\users\administrator\documents\visual studio 2015\projects\t7(2)(3)\t7(2)(3)\debug\t7(2)(3).tlog\cl.read.1.tlog
c:\users\administrator\documents\visual studio 2015\projects\t7(2)(3)\t7(2)(3)\debug\t7(2)(3).tlog\cl.write.1.tlog
c:\users\administrator\documents\visual studio 2015\projects\t7(2)(3)\t7(2)(3)\debug\t7(2)(3).tlog\link.command.1.tlog
c:\users\administrator\documents\visual studio 2015\projects\t7(2)(3)\t7(2)(3)\debug\t7(2)(3).tlog\link.read.1.tlog
c:\users\administrator\documents\visual studio 2015\projects\t7(2)(3)\t7(2)(3)\debug\t7(2)(3).tlog\link.write.1.tlog
c:\users\administrator\documents\visual studio 2015\projects\t7(2)(3)\t7(2)(3)\debug\t7(2)(3).tlog\rc.command.1.tlog
c:\users\administrator\documents\visual studio 2015\projects\t7(2)(3)\t7(2)(3)\debug\t7(2)(3).tlog\rc.read.1.tlog
c:\users\administrator\documents\visual studio 2015\projects\t7(2)(3)\t7(2)(3)\debug\t7(2)(3).tlog\rc.write.1.tlog
