c:\users\administrator\documents\visual studio 2015\projects\课后练习9\课后练习9\debug\课后练习9.pch
c:\users\administrator\documents\visual studio 2015\projects\课后练习9\课后练习9\debug\vc140.pdb
c:\users\administrator\documents\visual studio 2015\projects\课后练习9\课后练习9\debug\vc140.idb
c:\users\administrator\documents\visual studio 2015\projects\课后练习9\课后练习9\debug\stdafx.obj
c:\users\administrator\documents\visual studio 2015\projects\课后练习9\课后练习9\debug\log9.obj
c:\users\administrator\documents\visual studio 2015\projects\课后练习9\课后练习9\debug\mainfrm.obj
c:\users\administrator\documents\visual studio 2015\projects\课后练习9\课后练习9\debug\课后练习9.obj
c:\users\administrator\documents\visual studio 2015\projects\课后练习9\课后练习9\debug\课后练习9doc.obj
c:\users\administrator\documents\visual studio 2015\projects\课后练习9\课后练习9\debug\课后练习9view.obj
c:\users\administrator\documents\visual studio 2015\projects\课后练习9\debug\课后练习9.ilk
c:\users\administrator\documents\visual studio 2015\projects\课后练习9\debug\课后练习9.exe
c:\users\administrator\documents\visual studio 2015\projects\课后练习9\debug\课后练习9.pdb
c:\users\administrator\documents\visual studio 2015\projects\课后练习9\课后练习9\debug\课后练习9.res
c:\users\administrator\documents\visual studio 2015\projects\课后练习9\课后练习9\debug\课后练习9.tlog\cl.command.1.tlog
c:\users\administrator\documents\visual studio 2015\projects\课后练习9\课后练习9\debug\课后练习9.tlog\cl.read.1.tlog
c:\users\administrator\documents\visual studio 2015\projects\课后练习9\课后练习9\debug\课后练习9.tlog\cl.write.1.tlog
c:\users\administrator\documents\visual studio 2015\projects\课后练习9\课后练习9\debug\课后练习9.tlog\link.command.1.tlog
c:\users\administrator\documents\visual studio 2015\projects\课后练习9\课后练习9\debug\课后练习9.tlog\link.read.1.tlog
c:\users\administrator\documents\visual studio 2015\projects\课后练习9\课后练习9\debug\课后练习9.tlog\link.write.1.tlog
c:\users\administrator\documents\visual studio 2015\projects\课后练习9\课后练习9\debug\课后练习9.tlog\rc.command.1.tlog
c:\users\administrator\documents\visual studio 2015\projects\课后练习9\课后练习9\debug\课后练习9.tlog\rc.read.1.tlog
c:\users\administrator\documents\visual studio 2015\projects\课后练习9\课后练习9\debug\课后练习9.tlog\rc.write.1.tlog
