c:\users\administrator\documents\visual studio 2015\projects\课后练习1\课后练习1\debug\课后练习1.pch
c:\users\administrator\documents\visual studio 2015\projects\课后练习1\课后练习1\debug\vc140.pdb
c:\users\administrator\documents\visual studio 2015\projects\课后练习1\课后练习1\debug\vc140.idb
c:\users\administrator\documents\visual studio 2015\projects\课后练习1\课后练习1\debug\stdafx.obj
c:\users\administrator\documents\visual studio 2015\projects\课后练习1\课后练习1\debug\mainfrm.obj
c:\users\administrator\documents\visual studio 2015\projects\课后练习1\课后练习1\debug\课后练习1.obj
c:\users\administrator\documents\visual studio 2015\projects\课后练习1\课后练习1\debug\课后练习1doc.obj
c:\users\administrator\documents\visual studio 2015\projects\课后练习1\课后练习1\debug\课后练习1view.obj
c:\users\administrator\documents\visual studio 2015\projects\课后练习1\debug\课后练习1.ilk
c:\users\administrator\documents\visual studio 2015\projects\课后练习1\debug\课后练习1.exe
c:\users\administrator\documents\visual studio 2015\projects\课后练习1\debug\课后练习1.pdb
c:\users\administrator\documents\visual studio 2015\projects\课后练习1\课后练习1\debug\课后练习1.res
c:\users\administrator\documents\visual studio 2015\projects\课后练习1\课后练习1\debug\课后练习1.tlog\cl.command.1.tlog
c:\users\administrator\documents\visual studio 2015\projects\课后练习1\课后练习1\debug\课后练习1.tlog\cl.read.1.tlog
c:\users\administrator\documents\visual studio 2015\projects\课后练习1\课后练习1\debug\课后练习1.tlog\cl.write.1.tlog
c:\users\administrator\documents\visual studio 2015\projects\课后练习1\课后练习1\debug\课后练习1.tlog\link.command.1.tlog
c:\users\administrator\documents\visual studio 2015\projects\课后练习1\课后练习1\debug\课后练习1.tlog\link.read.1.tlog
c:\users\administrator\documents\visual studio 2015\projects\课后练习1\课后练习1\debug\课后练习1.tlog\link.write.1.tlog
c:\users\administrator\documents\visual studio 2015\projects\课后练习1\课后练习1\debug\课后练习1.tlog\rc.command.1.tlog
c:\users\administrator\documents\visual studio 2015\projects\课后练习1\课后练习1\debug\课后练习1.tlog\rc.read.1.tlog
c:\users\administrator\documents\visual studio 2015\projects\课后练习1\课后练习1\debug\课后练习1.tlog\rc.write.1.tlog
