c:\users\administrator\documents\visual studio 2015\projects\t4\t4\debug\t4.pch
c:\users\administrator\documents\visual studio 2015\projects\t4\t4\debug\vc140.pdb
c:\users\administrator\documents\visual studio 2015\projects\t4\t4\debug\vc140.idb
c:\users\administrator\documents\visual studio 2015\projects\t4\t4\debug\stdafx.obj
c:\users\administrator\documents\visual studio 2015\projects\t4\t4\debug\mainfrm.obj
c:\users\administrator\documents\visual studio 2015\projects\t4\t4\debug\t4.obj
c:\users\administrator\documents\visual studio 2015\projects\t4\t4\debug\t4doc.obj
c:\users\administrator\documents\visual studio 2015\projects\t4\t4\debug\t4view.obj
c:\users\administrator\documents\visual studio 2015\projects\t4\debug\t4.ilk
c:\users\administrator\documents\visual studio 2015\projects\t4\debug\t4.exe
c:\users\administrator\documents\visual studio 2015\projects\t4\debug\t4.pdb
c:\users\administrator\documents\visual studio 2015\projects\t4\t4\debug\t4.res
c:\users\administrator\documents\visual studio 2015\projects\t4\t4\debug\t4.tlog\cl.command.1.tlog
c:\users\administrator\documents\visual studio 2015\projects\t4\t4\debug\t4.tlog\cl.read.1.tlog
c:\users\administrator\documents\visual studio 2015\projects\t4\t4\debug\t4.tlog\cl.write.1.tlog
c:\users\administrator\documents\visual studio 2015\projects\t4\t4\debug\t4.tlog\link.command.1.tlog
c:\users\administrator\documents\visual studio 2015\projects\t4\t4\debug\t4.tlog\link.read.1.tlog
c:\users\administrator\documents\visual studio 2015\projects\t4\t4\debug\t4.tlog\link.write.1.tlog
c:\users\administrator\documents\visual studio 2015\projects\t4\t4\debug\t4.tlog\rc.command.1.tlog
c:\users\administrator\documents\visual studio 2015\projects\t4\t4\debug\t4.tlog\rc.read.1.tlog
c:\users\administrator\documents\visual studio 2015\projects\t4\t4\debug\t4.tlog\rc.write.1.tlog
