c:\users\administrator\documents\visual studio 2015\projects\t10(1)\t10(1)\debug\t10(1).pch
c:\users\administrator\documents\visual studio 2015\projects\t10(1)\t10(1)\debug\vc140.pdb
c:\users\administrator\documents\visual studio 2015\projects\t10(1)\t10(1)\debug\vc140.idb
c:\users\administrator\documents\visual studio 2015\projects\t10(1)\t10(1)\debug\stdafx.obj
c:\users\administrator\documents\visual studio 2015\projects\t10(1)\t10(1)\debug\mainfrm.obj
c:\users\administrator\documents\visual studio 2015\projects\t10(1)\t10(1)\debug\t10(1).obj
c:\users\administrator\documents\visual studio 2015\projects\t10(1)\t10(1)\debug\t10(1)doc.obj
c:\users\administrator\documents\visual studio 2015\projects\t10(1)\t10(1)\debug\t10(1)set.obj
c:\users\administrator\documents\visual studio 2015\projects\t10(1)\t10(1)\debug\t10(1)view.obj
c:\users\administrator\documents\visual studio 2015\projects\t10(1)\debug\t10(1).ilk
c:\users\administrator\documents\visual studio 2015\projects\t10(1)\debug\t10(1).exe
c:\users\administrator\documents\visual studio 2015\projects\t10(1)\debug\t10(1).pdb
c:\users\administrator\documents\visual studio 2015\projects\t10(1)\t10(1)\debug\t10(1).res
c:\users\administrator\documents\visual studio 2015\projects\t10(1)\t10(1)\debug\t10(1).tlog\cl.command.1.tlog
c:\users\administrator\documents\visual studio 2015\projects\t10(1)\t10(1)\debug\t10(1).tlog\cl.read.1.tlog
c:\users\administrator\documents\visual studio 2015\projects\t10(1)\t10(1)\debug\t10(1).tlog\cl.write.1.tlog
c:\users\administrator\documents\visual studio 2015\projects\t10(1)\t10(1)\debug\t10(1).tlog\link.command.1.tlog
c:\users\administrator\documents\visual studio 2015\projects\t10(1)\t10(1)\debug\t10(1).tlog\link.read.1.tlog
c:\users\administrator\documents\visual studio 2015\projects\t10(1)\t10(1)\debug\t10(1).tlog\link.write.1.tlog
c:\users\administrator\documents\visual studio 2015\projects\t10(1)\t10(1)\debug\t10(1).tlog\rc.command.1.tlog
c:\users\administrator\documents\visual studio 2015\projects\t10(1)\t10(1)\debug\t10(1).tlog\rc.read.1.tlog
c:\users\administrator\documents\visual studio 2015\projects\t10(1)\t10(1)\debug\t10(1).tlog\rc.write.1.tlog
