c:\users\administrator\documents\visual studio 2015\projects\t8(2)\t8(2)\debug\t8(2).pch
c:\users\administrator\documents\visual studio 2015\projects\t8(2)\t8(2)\debug\vc140.pdb
c:\users\administrator\documents\visual studio 2015\projects\t8(2)\t8(2)\debug\vc140.idb
c:\users\administrator\documents\visual studio 2015\projects\t8(2)\t8(2)\debug\stdafx.obj
c:\users\administrator\documents\visual studio 2015\projects\t8(2)\t8(2)\debug\mainfrm.obj
c:\users\administrator\documents\visual studio 2015\projects\t8(2)\t8(2)\debug\t8(2).obj
c:\users\administrator\documents\visual studio 2015\projects\t8(2)\t8(2)\debug\t8(2)doc.obj
c:\users\administrator\documents\visual studio 2015\projects\t8(2)\t8(2)\debug\t8(2)view.obj
c:\users\administrator\documents\visual studio 2015\projects\t8(2)\t8(2)\debug\tylog.obj
c:\users\administrator\documents\visual studio 2015\projects\t8(2)\t8(2)\debug\yslog.obj
c:\users\administrator\documents\visual studio 2015\projects\t8(2)\debug\t8(2).ilk
c:\users\administrator\documents\visual studio 2015\projects\t8(2)\debug\t8(2).exe
c:\users\administrator\documents\visual studio 2015\projects\t8(2)\debug\t8(2).pdb
c:\users\administrator\documents\visual studio 2015\projects\t8(2)\t8(2)\debug\t8(2).res
c:\users\administrator\documents\visual studio 2015\projects\t8(2)\t8(2)\debug\t8(2).tlog\cl.command.1.tlog
c:\users\administrator\documents\visual studio 2015\projects\t8(2)\t8(2)\debug\t8(2).tlog\cl.read.1.tlog
c:\users\administrator\documents\visual studio 2015\projects\t8(2)\t8(2)\debug\t8(2).tlog\cl.write.1.tlog
c:\users\administrator\documents\visual studio 2015\projects\t8(2)\t8(2)\debug\t8(2).tlog\link.command.1.tlog
c:\users\administrator\documents\visual studio 2015\projects\t8(2)\t8(2)\debug\t8(2).tlog\link.read.1.tlog
c:\users\administrator\documents\visual studio 2015\projects\t8(2)\t8(2)\debug\t8(2).tlog\link.write.1.tlog
c:\users\administrator\documents\visual studio 2015\projects\t8(2)\t8(2)\debug\t8(2).tlog\rc.command.1.tlog
c:\users\administrator\documents\visual studio 2015\projects\t8(2)\t8(2)\debug\t8(2).tlog\rc.read.1.tlog
c:\users\administrator\documents\visual studio 2015\projects\t8(2)\t8(2)\debug\t8(2).tlog\rc.write.1.tlog
