c:\users\administrator\documents\visual studio 2015\projects\lib0\t10\debug\t10.pch
c:\users\administrator\documents\visual studio 2015\projects\lib0\t10\debug\vc140.pdb
c:\users\administrator\documents\visual studio 2015\projects\lib0\t10\debug\vc140.idb
c:\users\administrator\documents\visual studio 2015\projects\lib0\t10\debug\stdafx.obj
c:\users\administrator\documents\visual studio 2015\projects\lib0\t10\debug\mainfrm.obj
c:\users\administrator\documents\visual studio 2015\projects\lib0\t10\debug\t10.obj
c:\users\administrator\documents\visual studio 2015\projects\lib0\t10\debug\t10doc.obj
c:\users\administrator\documents\visual studio 2015\projects\lib0\t10\debug\t10view.obj
c:\users\administrator\documents\visual studio 2015\projects\lib0\debug\t10.ilk
c:\users\administrator\documents\visual studio 2015\projects\lib0\debug\t10.exe
c:\users\administrator\documents\visual studio 2015\projects\lib0\debug\t10.pdb
c:\users\administrator\documents\visual studio 2015\projects\lib0\t10\debug\t10.res
c:\users\administrator\documents\visual studio 2015\projects\lib0\t10\debug\t10.tlog\cl.command.1.tlog
c:\users\administrator\documents\visual studio 2015\projects\lib0\t10\debug\t10.tlog\cl.read.1.tlog
c:\users\administrator\documents\visual studio 2015\projects\lib0\t10\debug\t10.tlog\cl.write.1.tlog
c:\users\administrator\documents\visual studio 2015\projects\lib0\t10\debug\t10.tlog\link.command.1.tlog
c:\users\administrator\documents\visual studio 2015\projects\lib0\t10\debug\t10.tlog\link.read.1.tlog
c:\users\administrator\documents\visual studio 2015\projects\lib0\t10\debug\t10.tlog\link.write.1.tlog
c:\users\administrator\documents\visual studio 2015\projects\lib0\t10\debug\t10.tlog\rc.command.1.tlog
c:\users\administrator\documents\visual studio 2015\projects\lib0\t10\debug\t10.tlog\rc.read.1.tlog
c:\users\administrator\documents\visual studio 2015\projects\lib0\t10\debug\t10.tlog\rc.write.1.tlog
