d:\documents\visual studio 2015\projects\t2\t2\debug\t2.pch
d:\documents\visual studio 2015\projects\t2\t2\debug\vc140.pdb
d:\documents\visual studio 2015\projects\t2\t2\debug\vc140.idb
d:\documents\visual studio 2015\projects\t2\t2\debug\stdafx.obj
d:\documents\visual studio 2015\projects\t2\t2\debug\mainfrm.obj
d:\documents\visual studio 2015\projects\t2\t2\debug\t2.obj
d:\documents\visual studio 2015\projects\t2\t2\debug\t2doc.obj
d:\documents\visual studio 2015\projects\t2\t2\debug\t2view.obj
d:\documents\visual studio 2015\projects\t2\debug\t2.ilk
d:\documents\visual studio 2015\projects\t2\debug\t2.exe
d:\documents\visual studio 2015\projects\t2\debug\t2.pdb
d:\documents\visual studio 2015\projects\t2\t2\debug\t2.res
d:\documents\visual studio 2015\projects\t2\t2\debug\t2.tlog\cl.command.1.tlog
d:\documents\visual studio 2015\projects\t2\t2\debug\t2.tlog\cl.read.1.tlog
d:\documents\visual studio 2015\projects\t2\t2\debug\t2.tlog\cl.write.1.tlog
d:\documents\visual studio 2015\projects\t2\t2\debug\t2.tlog\link.command.1.tlog
d:\documents\visual studio 2015\projects\t2\t2\debug\t2.tlog\link.read.1.tlog
d:\documents\visual studio 2015\projects\t2\t2\debug\t2.tlog\link.write.1.tlog
d:\documents\visual studio 2015\projects\t2\t2\debug\t2.tlog\rc.command.1.tlog
d:\documents\visual studio 2015\projects\t2\t2\debug\t2.tlog\rc.read.1.tlog
d:\documents\visual studio 2015\projects\t2\t2\debug\t2.tlog\rc.write.1.tlog
